<?xml version="1.0" encoding="UTF-8"?>
<testsuite name="com.elice.meetstudy.MeetstudyApplicationTests" tests="1" skipped="0" failures="0" errors="0" timestamp="2024-09-24T07:35:16" hostname="hwang-yejun-ui-MacBookAir.local" time="0.307">
  <properties/>
  <testcase name="contextLoads()" classname="com.elice.meetstudy.MeetstudyApplicationTests" time="0.307"/>
  <system-out><![CDATA[16:35:12.013 [Test worker] INFO org.springframework.test.context.support.AnnotationConfigContextLoaderUtils -- Could not detect default configuration classes for test class [com.elice.meetstudy.MeetstudyApplicationTests]: MeetstudyApplicationTests does not declare any static, non-private, non-final, nested classes annotated with @Configuration.
16:35:12.063 [Test worker] INFO org.springframework.boot.test.context.SpringBootTestContextBootstrapper -- Found @SpringBootConfiguration com.elice.meetstudy.MeetstudyApplication for test class com.elice.meetstudy.MeetstudyApplicationTests

  .   ____          _            __ _ _
 /\\ / ___'_ __ _ _(_)_ __  __ _ \ \ \ \
( ( )\___ | '_ | '_| | '_ \/ _` | \ \ \ \
 \\/  ___)| |_)| | | | | || (_| |  ) ) ) )
  '  |____| .__|_| |_|_| |_\__, | / / / /
 =========|_|==============|___/=/_/_/_/
?[32m :: Spring Boot :: ?[39m              ?[2m (v3.2.5)?[0;39m

?[2m2024-09-24T16:35:12.211+09:00?[0;39m ?[33m WARN?[0;39m ?[35m4654?[0;39m ?[2m---?[0;39m ?[2m[meetstudy] [    Test worker]?[0;39m ?[2m?[0;39m?[36mory$DuplicateJsonObjectContextCustomizer?[0;39m ?[2m:?[0;39m 

Found multiple occurrences of org.json.JSONObject on the class path:

	jar:file:/Users/hwang-yejun/.gradle/caches/modules-2/files-2.1/org.json/json/20231013/e22e0c040fe16f04ffdb85d851d77b07fc05ea52/json-20231013.jar!/org/json/JSONObject.class
	jar:file:/Users/hwang-yejun/.gradle/caches/modules-2/files-2.1/com.vaadin.external.google/android-json/0.0.20131108.vaadin1/fa26d351fe62a6a17f5cda1287c1c6110dec413f/android-json-0.0.20131108.vaadin1.jar!/org/json/JSONObject.class

You may wish to exclude one of them to ensure predictable runtime behavior

?[2m2024-09-24T16:35:12.215+09:00?[0;39m ?[32m INFO?[0;39m ?[35m4654?[0;39m ?[2m---?[0;39m ?[2m[meetstudy] [    Test worker]?[0;39m ?[2m?[0;39m?[36mc.e.meetstudy.MeetstudyApplicationTests ?[0;39m ?[2m:?[0;39m Starting MeetstudyApplicationTests using Java 21.0.1 with PID 4654 (started by hwang-yejun in /Users/hwang-yejun/Desktop/AWS/meetstudy)
?[2m2024-09-24T16:35:12.215+09:00?[0;39m ?[32m INFO?[0;39m ?[35m4654?[0;39m ?[2m---?[0;39m ?[2m[meetstudy] [    Test worker]?[0;39m ?[2m?[0;39m?[36mc.e.meetstudy.MeetstudyApplicationTests ?[0;39m ?[2m:?[0;39m No active profile set, falling back to 1 default profile: "default"
?[2m2024-09-24T16:35:12.320+09:00?[0;39m ?[33m WARN?[0;39m ?[35m4654?[0;39m ?[2m---?[0;39m ?[2m[meetstudy] [    Test worker]?[0;39m ?[2m?[0;39m?[36mo.s.c.annotation.AnnotationTypeMapping  ?[0;39m ?[2m:?[0;39m Support for convention-based annotation attribute overrides is deprecated and will be removed in Spring Framework 6.2. Please annotate the following attributes in @com.elice.meetstudy.domain.studyroom.controller.StudyRoomAnnotation$Success with appropriate @AliasFor declarations: [description, responseCode]
?[2m2024-09-24T16:35:12.320+09:00?[0;39m ?[33m WARN?[0;39m ?[35m4654?[0;39m ?[2m---?[0;39m ?[2m[meetstudy] [    Test worker]?[0;39m ?[2m?[0;39m?[36mo.s.c.annotation.AnnotationTypeMapping  ?[0;39m ?[2m:?[0;39m Support for convention-based annotation attribute overrides is deprecated and will be removed in Spring Framework 6.2. Please annotate the following attributes in @com.elice.meetstudy.domain.studyroom.controller.StudyRoomAnnotation$Failure with appropriate @AliasFor declarations: [description, responseCode]
?[2m2024-09-24T16:35:12.321+09:00?[0;39m ?[33m WARN?[0;39m ?[35m4654?[0;39m ?[2m---?[0;39m ?[2m[meetstudy] [    Test worker]?[0;39m ?[2m?[0;39m?[36mo.s.c.annotation.AnnotationTypeMapping  ?[0;39m ?[2m:?[0;39m Support for convention-based annotation attribute overrides is deprecated and will be removed in Spring Framework 6.2. Please annotate the following attributes in @com.elice.meetstudy.domain.studyroom.controller.UserStudyRoomAnnotation$Success with appropriate @AliasFor declarations: [description, responseCode]
?[2m2024-09-24T16:35:12.638+09:00?[0;39m ?[32m INFO?[0;39m ?[35m4654?[0;39m ?[2m---?[0;39m ?[2m[meetstudy] [    Test worker]?[0;39m ?[2m?[0;39m?[36m.s.d.r.c.RepositoryConfigurationDelegate?[0;39m ?[2m:?[0;39m Multiple Spring Data modules found, entering strict repository configuration mode
?[2m2024-09-24T16:35:12.639+09:00?[0;39m ?[32m INFO?[0;39m ?[35m4654?[0;39m ?[2m---?[0;39m ?[2m[meetstudy] [    Test worker]?[0;39m ?[2m?[0;39m?[36m.s.d.r.c.RepositoryConfigurationDelegate?[0;39m ?[2m:?[0;39m Bootstrapping Spring Data JPA repositories in DEFAULT mode.
?[2m2024-09-24T16:35:12.720+09:00?[0;39m ?[32m INFO?[0;39m ?[35m4654?[0;39m ?[2m---?[0;39m ?[2m[meetstudy] [    Test worker]?[0;39m ?[2m?[0;39m?[36m.s.d.r.c.RepositoryConfigurationDelegate?[0;39m ?[2m:?[0;39m Finished Spring Data repository scanning in 78 ms. Found 15 JPA repository interfaces.
?[2m2024-09-24T16:35:12.729+09:00?[0;39m ?[32m INFO?[0;39m ?[35m4654?[0;39m ?[2m---?[0;39m ?[2m[meetstudy] [    Test worker]?[0;39m ?[2m?[0;39m?[36m.s.d.r.c.RepositoryConfigurationDelegate?[0;39m ?[2m:?[0;39m Multiple Spring Data modules found, entering strict repository configuration mode
?[2m2024-09-24T16:35:12.730+09:00?[0;39m ?[32m INFO?[0;39m ?[35m4654?[0;39m ?[2m---?[0;39m ?[2m[meetstudy] [    Test worker]?[0;39m ?[2m?[0;39m?[36m.s.d.r.c.RepositoryConfigurationDelegate?[0;39m ?[2m:?[0;39m Bootstrapping Spring Data Redis repositories in DEFAULT mode.
?[2m2024-09-24T16:35:12.738+09:00?[0;39m ?[32m INFO?[0;39m ?[35m4654?[0;39m ?[2m---?[0;39m ?[2m[meetstudy] [    Test worker]?[0;39m ?[2m?[0;39m?[36m.RepositoryConfigurationExtensionSupport?[0;39m ?[2m:?[0;39m Spring Data Redis - Could not safely identify store assignment for repository candidate interface com.elice.meetstudy.domain.calendar.holiday.repository.HolidayRepository; If you want this repository to be a Redis repository, consider annotating your entities with one of these annotations: org.springframework.data.redis.core.RedisHash (preferred), or consider extending one of the following types with your repository: org.springframework.data.keyvalue.repository.KeyValueRepository
?[2m2024-09-24T16:35:12.738+09:00?[0;39m ?[32m INFO?[0;39m ?[35m4654?[0;39m ?[2m---?[0;39m ?[2m[meetstudy] [    Test worker]?[0;39m ?[2m?[0;39m?[36m.RepositoryConfigurationExtensionSupport?[0;39m ?[2m:?[0;39m Spring Data Redis - Could not safely identify store assignment for repository candidate interface com.elice.meetstudy.domain.calendar.repository.CalendarDetailRepository; If you want this repository to be a Redis repository, consider annotating your entities with one of these annotations: org.springframework.data.redis.core.RedisHash (preferred), or consider extending one of the following types with your repository: org.springframework.data.keyvalue.repository.KeyValueRepository
?[2m2024-09-24T16:35:12.738+09:00?[0;39m ?[32m INFO?[0;39m ?[35m4654?[0;39m ?[2m---?[0;39m ?[2m[meetstudy] [    Test worker]?[0;39m ?[2m?[0;39m?[36m.RepositoryConfigurationExtensionSupport?[0;39m ?[2m:?[0;39m Spring Data Redis - Could not safely identify store assignment for repository candidate interface com.elice.meetstudy.domain.calendar.repository.CalendarRepository; If you want this repository to be a Redis repository, consider annotating your entities with one of these annotations: org.springframework.data.redis.core.RedisHash (preferred), or consider extending one of the following types with your repository: org.springframework.data.keyvalue.repository.KeyValueRepository
?[2m2024-09-24T16:35:12.739+09:00?[0;39m ?[32m INFO?[0;39m ?[35m4654?[0;39m ?[2m---?[0;39m ?[2m[meetstudy] [    Test worker]?[0;39m ?[2m?[0;39m?[36m.RepositoryConfigurationExtensionSupport?[0;39m ?[2m:?[0;39m Spring Data Redis - Could not safely identify store assignment for repository candidate interface com.elice.meetstudy.domain.category.repository.CategoryRepository; If you want this repository to be a Redis repository, consider annotating your entities with one of these annotations: org.springframework.data.redis.core.RedisHash (preferred), or consider extending one of the following types with your repository: org.springframework.data.keyvalue.repository.KeyValueRepository
?[2m2024-09-24T16:35:12.739+09:00?[0;39m ?[32m INFO?[0;39m ?[35m4654?[0;39m ?[2m---?[0;39m ?[2m[meetstudy] [    Test worker]?[0;39m ?[2m?[0;39m?[36m.RepositoryConfigurationExtensionSupport?[0;39m ?[2m:?[0;39m Spring Data Redis - Could not safely identify store assignment for repository candidate interface com.elice.meetstudy.domain.chatroom.repository.ChatRoomRepository; If you want this repository to be a Redis repository, consider annotating your entities with one of these annotations: org.springframework.data.redis.core.RedisHash (preferred), or consider extending one of the following types with your repository: org.springframework.data.keyvalue.repository.KeyValueRepository
?[2m2024-09-24T16:35:12.739+09:00?[0;39m ?[32m INFO?[0;39m ?[35m4654?[0;39m ?[2m---?[0;39m ?[2m[meetstudy] [    Test worker]?[0;39m ?[2m?[0;39m?[36m.RepositoryConfigurationExtensionSupport?[0;39m ?[2m:?[0;39m Spring Data Redis - Could not safely identify store assignment for repository candidate interface com.elice.meetstudy.domain.chatroom.repository.MessageRepository; If you want this repository to be a Redis repository, consider annotating your entities with one of these annotations: org.springframework.data.redis.core.RedisHash (preferred), or consider extending one of the following types with your repository: org.springframework.data.keyvalue.repository.KeyValueRepository
?[2m2024-09-24T16:35:12.740+09:00?[0;39m ?[32m INFO?[0;39m ?[35m4654?[0;39m ?[2m---?[0;39m ?[2m[meetstudy] [    Test worker]?[0;39m ?[2m?[0;39m?[36m.RepositoryConfigurationExtensionSupport?[0;39m ?[2m:?[0;39m Spring Data Redis - Could not safely identify store assignment for repository candidate interface com.elice.meetstudy.domain.comment.repository.CommentRepository; If you want this repository to be a Redis repository, consider annotating your entities with one of these annotations: org.springframework.data.redis.core.RedisHash (preferred), or consider extending one of the following types with your repository: org.springframework.data.keyvalue.repository.KeyValueRepository
?[2m2024-09-24T16:35:12.740+09:00?[0;39m ?[32m INFO?[0;39m ?[35m4654?[0;39m ?[2m---?[0;39m ?[2m[meetstudy] [    Test worker]?[0;39m ?[2m?[0;39m?[36m.RepositoryConfigurationExtensionSupport?[0;39m ?[2m:?[0;39m Spring Data Redis - Could not safely identify store assignment for repository candidate interface com.elice.meetstudy.domain.post.repository.PostLikeRepository; If you want this repository to be a Redis repository, consider annotating your entities with one of these annotations: org.springframework.data.redis.core.RedisHash (preferred), or consider extending one of the following types with your repository: org.springframework.data.keyvalue.repository.KeyValueRepository
?[2m2024-09-24T16:35:12.740+09:00?[0;39m ?[32m INFO?[0;39m ?[35m4654?[0;39m ?[2m---?[0;39m ?[2m[meetstudy] [    Test worker]?[0;39m ?[2m?[0;39m?[36m.RepositoryConfigurationExtensionSupport?[0;39m ?[2m:?[0;39m Spring Data Redis - Could not safely identify store assignment for repository candidate interface com.elice.meetstudy.domain.post.repository.PostRepository; If you want this repository to be a Redis repository, consider annotating your entities with one of these annotations: org.springframework.data.redis.core.RedisHash (preferred), or consider extending one of the following types with your repository: org.springframework.data.keyvalue.repository.KeyValueRepository
?[2m2024-09-24T16:35:12.740+09:00?[0;39m ?[32m INFO?[0;39m ?[35m4654?[0;39m ?[2m---?[0;39m ?[2m[meetstudy] [    Test worker]?[0;39m ?[2m?[0;39m?[36m.RepositoryConfigurationExtensionSupport?[0;39m ?[2m:?[0;39m Spring Data Redis - Could not safely identify store assignment for repository candidate interface com.elice.meetstudy.domain.qna.repository.AnswerRepository; If you want this repository to be a Redis repository, consider annotating your entities with one of these annotations: org.springframework.data.redis.core.RedisHash (preferred), or consider extending one of the following types with your repository: org.springframework.data.keyvalue.repository.KeyValueRepository
?[2m2024-09-24T16:35:12.740+09:00?[0;39m ?[32m INFO?[0;39m ?[35m4654?[0;39m ?[2m---?[0;39m ?[2m[meetstudy] [    Test worker]?[0;39m ?[2m?[0;39m?[36m.RepositoryConfigurationExtensionSupport?[0;39m ?[2m:?[0;39m Spring Data Redis - Could not safely identify store assignment for repository candidate interface com.elice.meetstudy.domain.qna.repository.QuestionRepository; If you want this repository to be a Redis repository, consider annotating your entities with one of these annotations: org.springframework.data.redis.core.RedisHash (preferred), or consider extending one of the following types with your repository: org.springframework.data.keyvalue.repository.KeyValueRepository
?[2m2024-09-24T16:35:12.740+09:00?[0;39m ?[32m INFO?[0;39m ?[35m4654?[0;39m ?[2m---?[0;39m ?[2m[meetstudy] [    Test worker]?[0;39m ?[2m?[0;39m?[36m.RepositoryConfigurationExtensionSupport?[0;39m ?[2m:?[0;39m Spring Data Redis - Could not safely identify store assignment for repository candidate interface com.elice.meetstudy.domain.scrap.repository.ScrapRepository; If you want this repository to be a Redis repository, consider annotating your entities with one of these annotations: org.springframework.data.redis.core.RedisHash (preferred), or consider extending one of the following types with your repository: org.springframework.data.keyvalue.repository.KeyValueRepository
?[2m2024-09-24T16:35:12.741+09:00?[0;39m ?[32m INFO?[0;39m ?[35m4654?[0;39m ?[2m---?[0;39m ?[2m[meetstudy] [    Test worker]?[0;39m ?[2m?[0;39m?[36m.RepositoryConfigurationExtensionSupport?[0;39m ?[2m:?[0;39m Spring Data Redis - Could not safely identify store assignment for repository candidate interface com.elice.meetstudy.domain.studyroom.repository.StudyRoomRepository; If you want this repository to be a Redis repository, consider annotating your entities with one of these annotations: org.springframework.data.redis.core.RedisHash (preferred), or consider extending one of the following types with your repository: org.springframework.data.keyvalue.repository.KeyValueRepository
?[2m2024-09-24T16:35:12.741+09:00?[0;39m ?[32m INFO?[0;39m ?[35m4654?[0;39m ?[2m---?[0;39m ?[2m[meetstudy] [    Test worker]?[0;39m ?[2m?[0;39m?[36m.RepositoryConfigurationExtensionSupport?[0;39m ?[2m:?[0;39m Spring Data Redis - Could not safely identify store assignment for repository candidate interface com.elice.meetstudy.domain.studyroom.repository.UserStudyRoomRepository; If you want this repository to be a Redis repository, consider annotating your entities with one of these annotations: org.springframework.data.redis.core.RedisHash (preferred), or consider extending one of the following types with your repository: org.springframework.data.keyvalue.repository.KeyValueRepository
?[2m2024-09-24T16:35:12.741+09:00?[0;39m ?[32m INFO?[0;39m ?[35m4654?[0;39m ?[2m---?[0;39m ?[2m[meetstudy] [    Test worker]?[0;39m ?[2m?[0;39m?[36m.RepositoryConfigurationExtensionSupport?[0;39m ?[2m:?[0;39m Spring Data Redis - Could not safely identify store assignment for repository candidate interface com.elice.meetstudy.domain.user.repository.UserRepository; If you want this repository to be a Redis repository, consider annotating your entities with one of these annotations: org.springframework.data.redis.core.RedisHash (preferred), or consider extending one of the following types with your repository: org.springframework.data.keyvalue.repository.KeyValueRepository
?[2m2024-09-24T16:35:12.741+09:00?[0;39m ?[32m INFO?[0;39m ?[35m4654?[0;39m ?[2m---?[0;39m ?[2m[meetstudy] [    Test worker]?[0;39m ?[2m?[0;39m?[36m.s.d.r.c.RepositoryConfigurationDelegate?[0;39m ?[2m:?[0;39m Finished Spring Data repository scanning in 8 ms. Found 0 Redis repository interfaces.
?[2m2024-09-24T16:35:12.985+09:00?[0;39m ?[32m INFO?[0;39m ?[35m4654?[0;39m ?[2m---?[0;39m ?[2m[meetstudy] [    Test worker]?[0;39m ?[2m?[0;39m?[36mo.hibernate.jpa.internal.util.LogHelper ?[0;39m ?[2m:?[0;39m HHH000204: Processing PersistenceUnitInfo [name: default]
?[2m2024-09-24T16:35:13.014+09:00?[0;39m ?[32m INFO?[0;39m ?[35m4654?[0;39m ?[2m---?[0;39m ?[2m[meetstudy] [    Test worker]?[0;39m ?[2m?[0;39m?[36morg.hibernate.Version                   ?[0;39m ?[2m:?[0;39m HHH000412: Hibernate ORM core version 6.4.4.Final
?[2m2024-09-24T16:35:13.032+09:00?[0;39m ?[32m INFO?[0;39m ?[35m4654?[0;39m ?[2m---?[0;39m ?[2m[meetstudy] [    Test worker]?[0;39m ?[2m?[0;39m?[36mo.h.c.internal.RegionFactoryInitiator   ?[0;39m ?[2m:?[0;39m HHH000026: Second-level cache disabled
?[2m2024-09-24T16:35:13.128+09:00?[0;39m ?[32m INFO?[0;39m ?[35m4654?[0;39m ?[2m---?[0;39m ?[2m[meetstudy] [    Test worker]?[0;39m ?[2m?[0;39m?[36mo.s.o.j.p.SpringPersistenceUnitInfo     ?[0;39m ?[2m:?[0;39m No LoadTimeWeaver setup: ignoring JPA class transformer
?[2m2024-09-24T16:35:13.139+09:00?[0;39m ?[32m INFO?[0;39m ?[35m4654?[0;39m ?[2m---?[0;39m ?[2m[meetstudy] [    Test worker]?[0;39m ?[2m?[0;39m?[36mcom.zaxxer.hikari.HikariDataSource      ?[0;39m ?[2m:?[0;39m HikariPool-1 - Starting...
?[2m2024-09-24T16:35:13.332+09:00?[0;39m ?[32m INFO?[0;39m ?[35m4654?[0;39m ?[2m---?[0;39m ?[2m[meetstudy] [    Test worker]?[0;39m ?[2m?[0;39m?[36mcom.zaxxer.hikari.pool.HikariPool       ?[0;39m ?[2m:?[0;39m HikariPool-1 - Added connection org.mariadb.jdbc.Connection@9f2fe2e
?[2m2024-09-24T16:35:13.333+09:00?[0;39m ?[32m INFO?[0;39m ?[35m4654?[0;39m ?[2m---?[0;39m ?[2m[meetstudy] [    Test worker]?[0;39m ?[2m?[0;39m?[36mcom.zaxxer.hikari.HikariDataSource      ?[0;39m ?[2m:?[0;39m HikariPool-1 - Start completed.
?[2m2024-09-24T16:35:13.356+09:00?[0;39m ?[33m WARN?[0;39m ?[35m4654?[0;39m ?[2m---?[0;39m ?[2m[meetstudy] [    Test worker]?[0;39m ?[2m?[0;39m?[36morg.hibernate.orm.deprecation           ?[0;39m ?[2m:?[0;39m HHH90000025: MariaDBDialect does not need to be specified explicitly using 'hibernate.dialect' (remove the property setting and it will be selected by default)
?[2m2024-09-24T16:35:13.873+09:00?[0;39m ?[32m INFO?[0;39m ?[35m4654?[0;39m ?[2m---?[0;39m ?[2m[meetstudy] [    Test worker]?[0;39m ?[2m?[0;39m?[36mo.h.e.t.j.p.i.JtaPlatformInitiator      ?[0;39m ?[2m:?[0;39m HHH000489: No JTA platform available (set 'hibernate.transaction.jta.platform' to enable JTA platform integration)
?[2m2024-09-24T16:35:14.625+09:00?[0;39m ?[32m INFO?[0;39m ?[35m4654?[0;39m ?[2m---?[0;39m ?[2m[meetstudy] [    Test worker]?[0;39m ?[2m?[0;39m?[36mj.LocalContainerEntityManagerFactoryBean?[0;39m ?[2m:?[0;39m Initialized JPA EntityManagerFactory for persistence unit 'default'
?[2m2024-09-24T16:35:14.757+09:00?[0;39m ?[32m INFO?[0;39m ?[35m4654?[0;39m ?[2m---?[0;39m ?[2m[meetstudy] [    Test worker]?[0;39m ?[2m?[0;39m?[36mo.s.d.j.r.query.QueryEnhancerFactory    ?[0;39m ?[2m:?[0;39m Hibernate is in classpath; If applicable, HQL parser will be used.
?[2m2024-09-24T16:35:15.513+09:00?[0;39m ?[33m WARN?[0;39m ?[35m4654?[0;39m ?[2m---?[0;39m ?[2m[meetstudy] [    Test worker]?[0;39m ?[2m?[0;39m?[36mJpaBaseConfiguration$JpaWebConfiguration?[0;39m ?[2m:?[0;39m spring.jpa.open-in-view is enabled by default. Therefore, database queries may be performed during view rendering. Explicitly configure spring.jpa.open-in-view to disable this warning
?[2m2024-09-24T16:35:16.082+09:00?[0;39m ?[32m INFO?[0;39m ?[35m4654?[0;39m ?[2m---?[0;39m ?[2m[meetstudy] [    Test worker]?[0;39m ?[2m?[0;39m?[36mo.s.s.web.DefaultSecurityFilterChain    ?[0;39m ?[2m:?[0;39m Will secure any request with [org.springframework.security.web.session.DisableEncodeUrlFilter@10958e5, org.springframework.security.web.context.request.async.WebAsyncManagerIntegrationFilter@dfa1f68, org.springframework.security.web.context.SecurityContextHolderFilter@35ea9d72, org.springframework.security.web.header.HeaderWriterFilter@72a25716, org.springframework.web.filter.CorsFilter@33b29c99, org.springframework.security.web.authentication.logout.LogoutFilter@5c5295e4, com.elice.meetstudy.domain.user.jwt.JwtFilter@7f2c223b, org.springframework.security.web.savedrequest.RequestCacheAwareFilter@53f04a20, org.springframework.security.web.servletapi.SecurityContextHolderAwareRequestFilter@5d7325f3, org.springframework.security.web.authentication.AnonymousAuthenticationFilter@3741c7de, org.springframework.security.web.session.SessionManagementFilter@374d0329, org.springframework.security.web.access.ExceptionTranslationFilter@6b5c4867, org.springframework.security.web.access.intercept.AuthorizationFilter@70bf8804]
?[2m2024-09-24T16:35:16.258+09:00?[0;39m ?[32m INFO?[0;39m ?[35m4654?[0;39m ?[2m---?[0;39m ?[2m[meetstudy] [    Test worker]?[0;39m ?[2m?[0;39m?[36mo.s.m.s.b.SimpleBrokerMessageHandler    ?[0;39m ?[2m:?[0;39m Starting...
?[2m2024-09-24T16:35:16.259+09:00?[0;39m ?[32m INFO?[0;39m ?[35m4654?[0;39m ?[2m---?[0;39m ?[2m[meetstudy] [    Test worker]?[0;39m ?[2m?[0;39m?[36mo.s.m.s.b.SimpleBrokerMessageHandler    ?[0;39m ?[2m:?[0;39m BrokerAvailabilityEvent[available=true, SimpleBrokerMessageHandler [org.springframework.messaging.simp.broker.DefaultSubscriptionRegistry@2479a21f]]
?[2m2024-09-24T16:35:16.259+09:00?[0;39m ?[32m INFO?[0;39m ?[35m4654?[0;39m ?[2m---?[0;39m ?[2m[meetstudy] [    Test worker]?[0;39m ?[2m?[0;39m?[36mo.s.m.s.b.SimpleBrokerMessageHandler    ?[0;39m ?[2m:?[0;39m Started.
?[2m2024-09-24T16:35:16.268+09:00?[0;39m ?[32m INFO?[0;39m ?[35m4654?[0;39m ?[2m---?[0;39m ?[2m[meetstudy] [    Test worker]?[0;39m ?[2m?[0;39m?[36mc.e.meetstudy.MeetstudyApplicationTests ?[0;39m ?[2m:?[0;39m Started MeetstudyApplicationTests in 4.139 seconds (process running for 4.627)
]]></system-out>
  <system-err><![CDATA[WARNING: A Java agent has been loaded dynamically (/Users/hwang-yejun/.gradle/caches/modules-2/files-2.1/net.bytebuddy/byte-buddy-agent/1.14.13/979ce25f7d3096a2e82214ba7dc972a05ce7a171/byte-buddy-agent-1.14.13.jar)
WARNING: If a serviceability tool is in use, please run with -XX:+EnableDynamicAgentLoading to hide this warning
WARNING: If a serviceability tool is not in use, please run with -Djdk.instrument.traceUsage for more information
WARNING: Dynamic loading of agents will be disallowed by default in a future release
]]></system-err>
</testsuite>
